<?xml version="1.0" encoding="UTF-8"?>
<!-- Generated by org.testng.reporters.JUnitReportReporter -->
<testsuite hostname="TYSS-Manoj" failures="0" tests="1" name="com.PostAJob.TC001_Verify_The_Job_Posting_Functionality_With_Different_Scenarios" time="28.987" errors="0" timestamp="2024-05-01T18:09:56 IST" skipped="0">
  <testcase classname="com.PostAJob.TC001_Verify_The_Job_Posting_Functionality_With_Different_Scenarios" name="Post_A_Job" time="28.987"/>
  <system-out/>
</testsuite> <!-- com.PostAJob.TC001_Verify_The_Job_Posting_Functionality_With_Different_Scenarios -->
